[02 Oct 2014 16:49:49] Building database metadata model
[02 Oct 2014 16:49:49] Properties: {partialRefresh=false, processColumnsUsingSelect=, includePrimaryKeys=true, eventSocketClient=com.webratio.commons.net.EventSocketClient@725d9aa7, includeTables=true, username=root, outputLogPath=C:\Users\Karina\Documents\GitHub\TKCrafting\.Temp~\DB.xml.log, readIndexes=null, driverClass=com.mysql.jdbc.Driver, includeSynonyms=true, metaDataProviderClass=com.webratio.commons.db.metadata.MySQLMetaDataProvider, outputPath=C:\Users\Karina\Documents\GitHub\TKCrafting\.Temp~\DB.xml, schemaRegex=null, readProcedures=null, includeViews=true, derby.system.home=C:\Users\Karina\Desktop\WebRatio\.metadata\.plugins\com.webratio.commons.db\derby, url=jdbc:mysql:///ktcrafting, tableRegex=null, readSQLDefinitions=true, includeForeignKeys=false, retrieveAllNames=false, tablesToRefresh=, eventSocketPort=49583}
[02 Oct 2014 16:49:49] URL: jdbc:mysql:///ktcrafting
[02 Oct 2014 16:49:49] Product name: MySQL
[02 Oct 2014 16:49:49] Product version: 5.6.20
[02 Oct 2014 16:49:49] Driver name: MySQL Connector Java
[02 Oct 2014 16:49:49] Driver version: mysql-connector-java-5.1.31 ( Revision: alexander.soklakov@oracle.com-20140520065950-groqzzbvxprqdmnz )
[02 Oct 2014 16:49:49] Driver major version: 5
[02 Oct 2014 16:49:49] Driver minor version: 1
[02 Oct 2014 16:49:49] Identifier quote string: 1
[02 Oct 2014 16:49:49] Retrieving schemas
[02 Oct 2014 16:49:49] Retrieving [TABLE, VIEW, SYNONYM] for schema ''
[02 Oct 2014 16:49:49]   Found 'annotation' [type = TABLE]
[02 Oct 2014 16:49:49]   Found 'annotationcampaign' [type = TABLE]
[02 Oct 2014 16:49:49]   Found 'group' [type = TABLE]
[02 Oct 2014 16:49:49]   Found 'group_module' [type = TABLE]
[02 Oct 2014 16:49:49]   Found 'item' [type = TABLE]
[02 Oct 2014 16:49:49]   Found 'module' [type = TABLE]
[02 Oct 2014 16:49:49]   Found 'skills' [type = TABLE]
[02 Oct 2014 16:49:49]   Found 'task' [type = TABLE]
[02 Oct 2014 16:49:49]   Found 'task_item' [type = TABLE]
[02 Oct 2014 16:49:49]   Found 'task_worker' [type = TABLE]
[02 Oct 2014 16:49:49]   Found 'user' [type = TABLE]
[02 Oct 2014 16:49:49]   Found 'user_group' [type = TABLE]
[02 Oct 2014 16:49:49]   Found 'worker' [type = TABLE]
[02 Oct 2014 16:49:49]   Found 'worker_annotation' [type = TABLE]
[02 Oct 2014 16:49:49] Retrieving columns for 'annotation' [type = TABLE]
[02 Oct 2014 16:49:49]   Found column: annotation_id [type = INT][SQL/XOPEN type = 4][size = 10][dec. digits = 0]
[02 Oct 2014 16:49:49]   Found column: label [type = VARCHAR][SQL/XOPEN type = 12][size = 255][dec. digits = 0]
[02 Oct 2014 16:49:49]   Found column: confidencevalue [type = INT][SQL/XOPEN type = 4][size = 10][dec. digits = 0]
[02 Oct 2014 16:49:49]   Found column: item_item_id [type = INT][SQL/XOPEN type = 4][size = 10][dec. digits = 0]
[02 Oct 2014 16:49:49] Retrieving primary keys for 'annotation' [type = TABLE]
[02 Oct 2014 16:49:49]   Found primary key column: annotation_id
[02 Oct 2014 16:49:49] Retrieving columns for 'annotationcampaign' [type = TABLE]
[02 Oct 2014 16:49:49]   Found column: ac_id [type = INT][SQL/XOPEN type = 4][size = 10][dec. digits = 0]
[02 Oct 2014 16:49:49]   Found column: name [type = VARCHAR][SQL/XOPEN type = 12][size = 255][dec. digits = 0]
[02 Oct 2014 16:49:49]   Found column: budget [type = VARCHAR][SQL/XOPEN type = 12][size = 255][dec. digits = 0]
[02 Oct 2014 16:49:49]   Found column: status [type = BIT][SQL/XOPEN type = -7][size = 1][dec. digits = 0]
[02 Oct 2014 16:49:49] Retrieving primary keys for 'annotationcampaign' [type = TABLE]
[02 Oct 2014 16:49:49]   Found primary key column: ac_id
[02 Oct 2014 16:49:49] Retrieving columns for 'group' [type = TABLE]
[02 Oct 2014 16:49:49]   Found column: oid [type = INT][SQL/XOPEN type = 4][size = 10][dec. digits = 0]
[02 Oct 2014 16:49:49]   Found column: groupname [type = VARCHAR][SQL/XOPEN type = 12][size = 255][dec. digits = 0]
[02 Oct 2014 16:49:49]   Found column: module_oid [type = INT][SQL/XOPEN type = 4][size = 10][dec. digits = 0]
[02 Oct 2014 16:49:49] Retrieving primary keys for 'group' [type = TABLE]
[02 Oct 2014 16:49:49]   Found primary key column: oid
[02 Oct 2014 16:49:49] Retrieving columns for 'group_module' [type = TABLE]
[02 Oct 2014 16:49:49]   Found column: group_oid [type = INT][SQL/XOPEN type = 4][size = 10][dec. digits = 0]
[02 Oct 2014 16:49:49]   Found column: module_oid [type = INT][SQL/XOPEN type = 4][size = 10][dec. digits = 0]
[02 Oct 2014 16:49:49] Retrieving primary keys for 'group_module' [type = TABLE]
[02 Oct 2014 16:49:49]   Found primary key column: group_oid
[02 Oct 2014 16:49:49]   Found primary key column: module_oid
[02 Oct 2014 16:49:49] Retrieving columns for 'item' [type = TABLE]
[02 Oct 2014 16:49:49]   Found column: item_id [type = INT][SQL/XOPEN type = 4][size = 10][dec. digits = 0]
[02 Oct 2014 16:49:49]   Found column: title [type = VARCHAR][SQL/XOPEN type = 12][size = 255][dec. digits = 0]
[02 Oct 2014 16:49:49]   Found column: caption [type = VARCHAR][SQL/XOPEN type = 12][size = 255][dec. digits = 0]
[02 Oct 2014 16:49:49]   Found column: url [type = VARCHAR][SQL/XOPEN type = 12][size = 255][dec. digits = 0]
[02 Oct 2014 16:49:49]   Found column: annotationcampaign_ac_id [type = INT][SQL/XOPEN type = 4][size = 10][dec. digits = 0]
[02 Oct 2014 16:49:49] Retrieving primary keys for 'item' [type = TABLE]
[02 Oct 2014 16:49:49]   Found primary key column: item_id
[02 Oct 2014 16:49:49] Retrieving columns for 'module' [type = TABLE]
[02 Oct 2014 16:49:49]   Found column: oid [type = INT][SQL/XOPEN type = 4][size = 10][dec. digits = 0]
[02 Oct 2014 16:49:49]   Found column: moduleid [type = VARCHAR][SQL/XOPEN type = 12][size = 255][dec. digits = 0]
[02 Oct 2014 16:49:49]   Found column: modulename [type = VARCHAR][SQL/XOPEN type = 12][size = 255][dec. digits = 0]
[02 Oct 2014 16:49:49] Retrieving primary keys for 'module' [type = TABLE]
[02 Oct 2014 16:49:49]   Found primary key column: oid
[02 Oct 2014 16:49:49] Retrieving columns for 'skills' [type = TABLE]
[02 Oct 2014 16:49:49]   Found column: skill_id [type = INT][SQL/XOPEN type = 4][size = 10][dec. digits = 0]
[02 Oct 2014 16:49:49]   Found column: name [type = VARCHAR][SQL/XOPEN type = 12][size = 255][dec. digits = 0]
[02 Oct 2014 16:49:49]   Found column: worker_worker_id [type = INT][SQL/XOPEN type = 4][size = 10][dec. digits = 0]
[02 Oct 2014 16:49:49] Retrieving primary keys for 'skills' [type = TABLE]
[02 Oct 2014 16:49:49]   Found primary key column: skill_id
[02 Oct 2014 16:49:49] Retrieving columns for 'task' [type = TABLE]
[02 Oct 2014 16:49:49]   Found column: task_id [type = INT][SQL/XOPEN type = 4][size = 10][dec. digits = 0]
[02 Oct 2014 16:49:49]   Found column: title [type = VARCHAR][SQL/XOPEN type = 12][size = 255][dec. digits = 0]
[02 Oct 2014 16:49:49]   Found column: description [type = VARCHAR][SQL/XOPEN type = 12][size = 255][dec. digits = 0]
[02 Oct 2014 16:49:49]   Found column: monetaryreward [type = INT][SQL/XOPEN type = 4][size = 10][dec. digits = 0]
[02 Oct 2014 16:49:49]   Found column: maxexectime [type = DATE][SQL/XOPEN type = 91][size = 10][dec. digits = 0]
[02 Oct 2014 16:49:49]   Found column: expirationtime [type = DATETIME][SQL/XOPEN type = 93][size = 19][dec. digits = 0]
[02 Oct 2014 16:49:49]   Found column: annotationcampaign_ac_id [type = INT][SQL/XOPEN type = 4][size = 10][dec. digits = 0]
[02 Oct 2014 16:49:49] Retrieving primary keys for 'task' [type = TABLE]
[02 Oct 2014 16:49:49]   Found primary key column: task_id
[02 Oct 2014 16:49:49] Retrieving columns for 'task_item' [type = TABLE]
[02 Oct 2014 16:49:49]   Found column: task_task_id [type = INT][SQL/XOPEN type = 4][size = 10][dec. digits = 0]
[02 Oct 2014 16:49:49]   Found column: item_item_id [type = INT][SQL/XOPEN type = 4][size = 10][dec. digits = 0]
[02 Oct 2014 16:49:49] Retrieving primary keys for 'task_item' [type = TABLE]
[02 Oct 2014 16:49:49]   Found primary key column: task_task_id
[02 Oct 2014 16:49:49]   Found primary key column: item_item_id
[02 Oct 2014 16:49:49] Retrieving columns for 'task_worker' [type = TABLE]
[02 Oct 2014 16:49:49]   Found column: task_task_id [type = INT][SQL/XOPEN type = 4][size = 10][dec. digits = 0]
[02 Oct 2014 16:49:49]   Found column: worker_worker_id [type = INT][SQL/XOPEN type = 4][size = 10][dec. digits = 0]
[02 Oct 2014 16:49:49] Retrieving primary keys for 'task_worker' [type = TABLE]
[02 Oct 2014 16:49:49]   Found primary key column: task_task_id
[02 Oct 2014 16:49:49]   Found primary key column: worker_worker_id
[02 Oct 2014 16:49:49] Retrieving columns for 'user' [type = TABLE]
[02 Oct 2014 16:49:49]   Found column: worker_worker_id [type = INT][SQL/XOPEN type = 4][size = 10][dec. digits = 0]
[02 Oct 2014 16:49:49]   Found column: oid [type = INT][SQL/XOPEN type = 4][size = 10][dec. digits = 0]
[02 Oct 2014 16:49:49]   Found column: username [type = VARCHAR][SQL/XOPEN type = 12][size = 255][dec. digits = 0]
[02 Oct 2014 16:49:49]   Found column: password [type = VARCHAR][SQL/XOPEN type = 12][size = 255][dec. digits = 0]
[02 Oct 2014 16:49:49]   Found column: email [type = VARCHAR][SQL/XOPEN type = 12][size = 255][dec. digits = 0]
[02 Oct 2014 16:49:49]   Found column: group_oid [type = INT][SQL/XOPEN type = 4][size = 10][dec. digits = 0]
[02 Oct 2014 16:49:49] Retrieving primary keys for 'user' [type = TABLE]
[02 Oct 2014 16:49:49]   Found primary key column: worker_worker_id
[02 Oct 2014 16:49:49] Retrieving columns for 'user_group' [type = TABLE]
[02 Oct 2014 16:49:49]   Found column: user_worker_id [type = INT][SQL/XOPEN type = 4][size = 10][dec. digits = 0]
[02 Oct 2014 16:49:49]   Found column: group_oid [type = INT][SQL/XOPEN type = 4][size = 10][dec. digits = 0]
[02 Oct 2014 16:49:49] Retrieving primary keys for 'user_group' [type = TABLE]
[02 Oct 2014 16:49:49]   Found primary key column: user_worker_id
[02 Oct 2014 16:49:49]   Found primary key column: group_oid
[02 Oct 2014 16:49:49] Retrieving columns for 'worker' [type = TABLE]
[02 Oct 2014 16:49:49]   Found column: worker_id [type = INT][SQL/XOPEN type = 4][size = 10][dec. digits = 0]
[02 Oct 2014 16:49:49]   Found column: name [type = VARCHAR][SQL/XOPEN type = 12][size = 255][dec. digits = 0]
[02 Oct 2014 16:49:49]   Found column: birthdate [type = DATE][SQL/XOPEN type = 91][size = 10][dec. digits = 0]
[02 Oct 2014 16:49:49]   Found column: bank [type = INT][SQL/XOPEN type = 4][size = 10][dec. digits = 0]
[02 Oct 2014 16:49:49]   Found column: accuracy [type = DOUBLE][SQL/XOPEN type = 8][size = 22][dec. digits = 0]
[02 Oct 2014 16:49:49]   Found column: assessedtasks [type = INT][SQL/XOPEN type = 4][size = 10][dec. digits = 0]
[02 Oct 2014 16:49:49] Retrieving primary keys for 'worker' [type = TABLE]
[02 Oct 2014 16:49:49]   Found primary key column: worker_id
[02 Oct 2014 16:49:49] Retrieving columns for 'worker_annotation' [type = TABLE]
[02 Oct 2014 16:49:49]   Found column: worker_worker_id [type = INT][SQL/XOPEN type = 4][size = 10][dec. digits = 0]
[02 Oct 2014 16:49:49]   Found column: annotation_annotation_id [type = INT][SQL/XOPEN type = 4][size = 10][dec. digits = 0]
[02 Oct 2014 16:49:49] Retrieving primary keys for 'worker_annotation' [type = TABLE]
[02 Oct 2014 16:49:49]   Found primary key column: worker_worker_id
[02 Oct 2014 16:49:49]   Found primary key column: annotation_annotation_id
[02 Oct 2014 16:49:49] Retrieving auto-increment columns for 'annotation' [type = TABLE]
[02 Oct 2014 16:49:49] Retrieving auto-increment columns for 'annotationcampaign' [type = TABLE]
[02 Oct 2014 16:49:49] Retrieving auto-increment columns for 'group' [type = TABLE]
[02 Oct 2014 16:49:49] Retrieving auto-increment columns for 'group_module' [type = TABLE]
[02 Oct 2014 16:49:49] Retrieving auto-increment columns for 'item' [type = TABLE]
[02 Oct 2014 16:49:49] Retrieving auto-increment columns for 'module' [type = TABLE]
[02 Oct 2014 16:49:50] Retrieving auto-increment columns for 'skills' [type = TABLE]
[02 Oct 2014 16:49:50] Retrieving auto-increment columns for 'task' [type = TABLE]
[02 Oct 2014 16:49:50] Retrieving auto-increment columns for 'task_item' [type = TABLE]
[02 Oct 2014 16:49:50] Retrieving auto-increment columns for 'task_worker' [type = TABLE]
[02 Oct 2014 16:49:50] Retrieving auto-increment columns for 'user' [type = TABLE]
[02 Oct 2014 16:49:50] Retrieving auto-increment columns for 'user_group' [type = TABLE]
[02 Oct 2014 16:49:50] Retrieving auto-increment columns for 'worker' [type = TABLE]
[02 Oct 2014 16:49:50] Retrieving auto-increment columns for 'worker_annotation' [type = TABLE]
[02 Oct 2014 16:49:50] Database connection closed
