[02 Oct 2014 16:49:46] DEBUG Executing SQL script
[02 Oct 2014 16:49:46] INFO ================================================================================
[02 Oct 2014 16:49:46] INFO onError= 'stop'
[02 Oct 2014 16:49:46] INFO autoCommit= 'false'
[02 Oct 2014 16:49:46] INFO username= 'root'
[02 Oct 2014 16:49:46] INFO outputPath= 'C:\Users\Karina\Documents\GitHub\TKCrafting\.Temp~\UpdateSQL.xml'
[02 Oct 2014 16:49:46] INFO outputLogPath= 'C:\Users\Karina\Documents\GitHub\TKCrafting\.Temp~\UpdateSQL.xml.log'
[02 Oct 2014 16:49:46] INFO encoding= ''
[02 Oct 2014 16:49:46] INFO driverClass= 'com.mysql.jdbc.Driver'
[02 Oct 2014 16:49:46] INFO sqlScript= 'C:\Users\Karina\Documents\GitHub\TKCrafting\.Temp~\UpdateSQL.sql'
[02 Oct 2014 16:49:46] INFO eventSocketPort= '49578'
[02 Oct 2014 16:49:46] INFO statementSeparator= ';'
[02 Oct 2014 16:49:46] INFO derby.system.home= 'C:\Users\Karina\Desktop\WebRatio\.metadata\.plugins\com.webratio.commons.db\derby'
[02 Oct 2014 16:49:46] INFO password= 'root123'
[02 Oct 2014 16:49:46] INFO url= 'jdbc:mysql:///ktcrafting'
[02 Oct 2014 16:49:46] INFO ================================================================================
[02 Oct 2014 16:49:46] INFO Connecting to the Database...
[02 Oct 2014 16:49:46] INFO Database connection estabilished
[02 Oct 2014 16:49:46] INFO transaction isolation: 4
[02 Oct 2014 16:49:46] DEBUG ================================================================================
[02 Oct 2014 16:49:46] DEBUG Executing SQL script file: C:\Users\Karina\Documents\GitHub\TKCrafting\.Temp~\UpdateSQL.sql
[02 Oct 2014 16:49:46] DEBUG Executing statement:  alter table `annotation`  add column  `item_item_id`  integer
[02 Oct 2014 16:49:46] DEBUG Executing statement:  alter table `annotation`   add index fk_annotation_item (`item_item_id`), add constraint fk_annotation_item foreign key (`item_item_id`) references `item` (`item_id`)
[02 Oct 2014 16:49:47] DEBUG Executing statement:    create table `worker_annotation` ( `worker_worker_id`  integer not null, `annotation_annotation_id`  integer not null, primary key (`worker_worker_id`, `annotation_annotation_id`) )
[02 Oct 2014 16:49:47] DEBUG Executing statement:  alter table `worker_annotation`   add index fk_worker_annotation_worker (`worker_worker_id`), add constraint fk_worker_annotation_worker foreign key (`worker_worker_id`) references `worker` (`worker_id`)
[02 Oct 2014 16:49:48] DEBUG Executing statement:  alter table `worker_annotation`   add index fk_worker_annotation_annotatio (`annotation_annotation_id`), add constraint fk_worker_annotation_annotatio foreign key (`annotation_annotation_id`) references `annotation` (`annotation_id`)
[02 Oct 2014 16:49:49] DEBUG ================================================================================
[02 Oct 2014 16:49:49] DEBUG SQL SCRIPT SUCCESSFULLY EXECUTED
[02 Oct 2014 16:49:49] INFO Database connection closed
[02 Oct 2014 16:49:49] DEBUG Total time: 2883 milliseconds
